TN:
SF:/Users/liumiao/easypack/karma/src/cal.js
FN:1,cal
FNF:1
FNH:1
FNDA:2,cal
DA:1,1
DA:2,2
DA:3,1
DA:4,1
DA:5,0
DA:6,1
DA:7,1
DA:8,0
DA:9,0
LF:9
LH:6
BRDA:2,1,0,1
BRDA:2,1,1,1
BRDA:4,2,0,0
BRDA:4,2,1,1
BRDA:6,3,0,1
BRDA:6,3,1,0
BRDA:8,4,0,0
BRDA:8,4,1,0
BRF:8
BRH:4
end_of_record
TN:
SF:/Users/liumiao/easypack/karma/test/cal.spec.js
FN:1,(anonymous_1)
FN:2,(anonymous_2)
FN:7,(anonymous_3)
FNF:3
FNH:3
FNDA:1,(anonymous_1)
FNDA:1,(anonymous_2)
FNDA:1,(anonymous_3)
DA:1,1
DA:2,1
DA:3,1
DA:4,1
DA:7,1
DA:8,1
DA:9,1
LF:7
LH:7
BRF:0
BRH:0
end_of_record
